# JRE version: Java(TM) SE Runtime Environment (11.0.2+9) (build 11.0.2+9-LTS)
# Java VM: Java HotSpot(TM) 64-Bit Server VM (11.0.2+9-LTS, mixed mode, tiered, compressed oops, g1 gc, windows-amd64)
Heap:
 garbage-first heap   total 78848K, used 51830K [0x0000000701c00000, 0x0000000800000000)
  region size 1024K, 32 young (32768K), 0 survivors (0K)
 Metaspace       used 51854K, capacity 53239K, committed 53500K, reserved 1095680K
  class space    used 6122K, capacity 6595K, committed 6656K, reserved 1048576K
GC Heap History (10 events):
Event: 0.714 GC heap before
{Heap before GC invocations=1 (full 0):
 garbage-first heap   total 262144K, used 25452K [0x0000000701c00000, 0x0000000800000000)
  region size 1024K, 23 young (23552K), 3 survivors (3072K)
 Metaspace       used 17540K, capacity 17908K, committed 18048K, reserved 1064960K
  class space    used 1955K, capacity 2086K, committed 2176K, reserved 1048576K
}
Event: 0.722 GC heap after
{Heap after GC invocations=2 (full 0):
 garbage-first heap   total 262144K, used 6172K [0x0000000701c00000, 0x0000000800000000)
  region size 1024K, 2 young (2048K), 2 survivors (2048K)
 Metaspace       used 17540K, capacity 17908K, committed 18048K, reserved 1064960K
  class space    used 1955K, capacity 2086K, committed 2176K, reserved 1048576K
}
Event: 0.843 GC heap before
{Heap before GC invocations=2 (full 0):
 garbage-first heap   total 262144K, used 21532K [0x0000000701c00000, 0x0000000800000000)
  region size 1024K, 18 young (18432K), 2 survivors (2048K)
 Metaspace       used 20668K, capacity 21091K, committed 21248K, reserved 1069056K
  class space    used 2381K, capacity 2533K, committed 2560K, reserved 1048576K
}
Event: 0.845 GC heap after
{Heap after GC invocations=3 (full 0):
 garbage-first heap   total 262144K, used 7010K [0x0000000701c00000, 0x0000000800000000)
  region size 1024K, 2 young (2048K), 2 survivors (2048K)
 Metaspace       used 20668K, capacity 21091K, committed 21248K, reserved 1069056K
  class space    used 2381K, capacity 2533K, committed 2560K, reserved 1048576K
}
Event: 2.011 GC heap before
{Heap before GC invocations=4 (full 0):
 garbage-first heap   total 262144K, used 90978K [0x0000000701c00000, 0x0000000800000000)
  region size 1024K, 85 young (87040K), 2 survivors (2048K)
 Metaspace       used 35034K, capacity 35904K, committed 35964K, reserved 1081344K
  class space    used 4140K, capacity 4469K, committed 4480K, reserved 1048576K
}
Event: 2.019 GC heap after
{Heap after GC invocations=5 (full 0):
 garbage-first heap   total 262144K, used 11933K [0x0000000701c00000, 0x0000000800000000)
  region size 1024K, 7 young (7168K), 7 survivors (7168K)
 Metaspace       used 35034K, capacity 35904K, committed 35964K, reserved 1081344K
  class space    used 4140K, capacity 4469K, committed 4480K, reserved 1048576K
}
Event: 11.234 GC heap before
{Heap before GC invocations=6 (full 0):
 garbage-first heap   total 262144K, used 125597K [0x0000000701c00000, 0x0000000800000000)
  region size 1024K, 118 young (120832K), 7 survivors (7168K)
 Metaspace       used 51237K, capacity 52556K, committed 52732K, reserved 1095680K
  class space    used 6074K, capacity 6569K, committed 6656K, reserved 1048576K
}
Event: 11.244 GC heap after
{Heap after GC invocations=7 (full 0):
 garbage-first heap   total 262144K, used 21671K [0x0000000701c00000, 0x0000000800000000)
  region size 1024K, 15 young (15360K), 15 survivors (15360K)
 Metaspace       used 51237K, capacity 52556K, committed 52732K, reserved 1095680K
  class space    used 6074K, capacity 6569K, committed 6656K, reserved 1048576K
}
Event: 165.072 GC heap before
{Heap before GC invocations=7 (full 0):
 garbage-first heap   total 262144K, used 33959K [0x0000000701c00000, 0x0000000800000000)
  region size 1024K, 28 young (28672K), 15 survivors (15360K)
 Metaspace       used 51716K, capacity 52991K, committed 53244K, reserved 1095680K
  class space    used 6114K, capacity 6585K, committed 6656K, reserved 1048576K
}
Event: 165.103 GC heap after
{Heap after GC invocations=8 (full 1):
 garbage-first heap   total 78848K, used 20086K [0x0000000701c00000, 0x0000000800000000)
  region size 1024K, 0 young (0K), 0 survivors (0K)
 Metaspace       used 51716K, capacity 52991K, committed 53244K, reserved 1095680K
  class space    used 6114K, capacity 6585K, committed 6656K, reserved 1048576K
}

